C:\USERS\YURY\DOCUMENTS\VISUAL STUDIO 2012\PROJECTS\DIADOCAPI\DIADOCAPI\RELEASE\DIADOCAPI.PCH
C:\USERS\YURY\DOCUMENTS\VISUAL STUDIO 2012\PROJECTS\DIADOCAPI\DIADOCAPI\RELEASE\STDAFX.OBJ
C:\USERS\YURY\DOCUMENTS\VISUAL STUDIO 2012\PROJECTS\DIADOCAPI\DIADOCAPI\RELEASE\VC110.PDB
C:\USERS\YURY\DOCUMENTS\VISUAL STUDIO 2012\PROJECTS\DIADOCAPI\DIADOCAPI\RELEASE\ORGANIZATION.PB.OBJ
C:\USERS\YURY\DOCUMENTS\VISUAL STUDIO 2012\PROJECTS\DIADOCAPI\DIADOCAPI\RELEASE\FORWARDDOCUMENTEVENT.PB.OBJ
C:\USERS\YURY\DOCUMENTS\VISUAL STUDIO 2012\PROJECTS\DIADOCAPI\DIADOCAPI\RELEASE\RESOLUTIONREQUESTINFO.PB.OBJ
C:\USERS\YURY\DOCUMENTS\VISUAL STUDIO 2012\PROJECTS\DIADOCAPI\DIADOCAPI\RELEASE\RESOLUTIONREQUESTDENIALINFO.PB.OBJ
C:\USERS\YURY\DOCUMENTS\VISUAL STUDIO 2012\PROJECTS\DIADOCAPI\DIADOCAPI\RELEASE\RESOLUTIONINFO.PB.OBJ
C:\USERS\YURY\DOCUMENTS\VISUAL STUDIO 2012\PROJECTS\DIADOCAPI\DIADOCAPI\RELEASE\DIADOCMESSAGE.POSTAPI.PB.OBJ
C:\USERS\YURY\DOCUMENTS\VISUAL STUDIO 2012\PROJECTS\DIADOCAPI\DIADOCAPI\RELEASE\DIADOCMESSAGE.GETAPI.PB.OBJ
C:\USERS\YURY\DOCUMENTS\VISUAL STUDIO 2012\PROJECTS\DIADOCAPI\DIADOCAPI\RELEASE\DOCUMENTTYPE.PB.OBJ
C:\USERS\YURY\DOCUMENTS\VISUAL STUDIO 2012\PROJECTS\DIADOCAPI\DIADOCAPI\RELEASE\UNILATERALDOCUMENT.PB.OBJ
C:\USERS\YURY\DOCUMENTS\VISUAL STUDIO 2012\PROJECTS\DIADOCAPI\DIADOCAPI\RELEASE\RECEIPTSTATUS.PB.OBJ
C:\USERS\YURY\DOCUMENTS\VISUAL STUDIO 2012\PROJECTS\DIADOCAPI\DIADOCAPI\RELEASE\NONFORMALIZEDDOCUMENT.PB.OBJ
C:\USERS\YURY\DOCUMENTS\VISUAL STUDIO 2012\PROJECTS\DIADOCAPI\DIADOCAPI\RELEASE\INVOICEDOCUMENT.PB.OBJ
C:\USERS\YURY\DOCUMENTS\VISUAL STUDIO 2012\PROJECTS\DIADOCAPI\DIADOCAPI\RELEASE\DOCUMENTLIST.PB.OBJ
C:\USERS\YURY\DOCUMENTS\VISUAL STUDIO 2012\PROJECTS\DIADOCAPI\DIADOCAPI\RELEASE\DOCUMENT.PB.OBJ
C:\USERS\YURY\DOCUMENTS\VISUAL STUDIO 2012\PROJECTS\DIADOCAPI\DIADOCAPI\RELEASE\BILATERALDOCUMENT.PB.OBJ
C:\USERS\YURY\DOCUMENTS\VISUAL STUDIO 2012\PROJECTS\DIADOCAPI\DIADOCAPI\RELEASE\ACCEPTANCECERTIFICATEDOCUMENT.PB.OBJ
C:\USERS\YURY\DOCUMENTS\VISUAL STUDIO 2012\PROJECTS\DIADOCAPI\DIADOCAPI\RELEASE\DOCUMENTID.PB.OBJ
C:\USERS\YURY\DOCUMENTS\VISUAL STUDIO 2012\PROJECTS\DIADOCAPI\DIADOCAPI\RELEASE\DIADOCAPI.OBJ
C:\USERS\YURY\DOCUMENTS\VISUAL STUDIO 2012\PROJECTS\DIADOCAPI\DIADOCAPI\RELEASE\CONTENT.PB.OBJ
C:\USERS\YURY\DOCUMENTS\VISUAL STUDIO 2012\PROJECTS\DIADOCAPI\DIADOCAPI\RELEASE\ADDRESS.PB.OBJ
C:\USERS\YURY\DOCUMENTS\VISUAL STUDIO 2012\PROJECTS\DIADOCAPI\DIADOCAPI\RELEASE\TIMESTAMP.PB.OBJ
C:\USERS\YURY\DOCUMENTS\VISUAL STUDIO 2012\PROJECTS\DIADOCAPI\DIADOCAPI\RELEASE\RESOLUTIONTARGET.PB.OBJ
C:\USERS\YURY\DOCUMENTS\VISUAL STUDIO 2012\PROJECTS\DIADOCAPI\DIADOCAPI\RELEASE\DLLMAIN.OBJ
C:\Users\Yury\documents\visual studio 2012\Projects\DiadocApi\Release\DiadocApi.lib
C:\Users\Yury\documents\visual studio 2012\Projects\DiadocApi\Release\DiadocApi.exp
C:\USERS\YURY\DOCUMENTS\VISUAL STUDIO 2012\PROJECTS\DIADOCAPI\RELEASE\DIADOCAPI.DLL
C:\USERS\YURY\DOCUMENTS\VISUAL STUDIO 2012\PROJECTS\DIADOCAPI\RELEASE\DIADOCAPI.PDB
C:\Users\Yury\Documents\Visual Studio 2012\Projects\DiadocApi\DiadocApi\Release\AcceptanceCertificateDocument.pb.obj
C:\Users\Yury\Documents\Visual Studio 2012\Projects\DiadocApi\DiadocApi\Release\Address.pb.obj
C:\Users\Yury\Documents\Visual Studio 2012\Projects\DiadocApi\DiadocApi\Release\BilateralDocument.pb.obj
C:\Users\Yury\Documents\Visual Studio 2012\Projects\DiadocApi\DiadocApi\Release\Content.pb.obj
C:\Users\Yury\Documents\Visual Studio 2012\Projects\DiadocApi\DiadocApi\Release\DiadocApi.obj
C:\Users\Yury\Documents\Visual Studio 2012\Projects\DiadocApi\DiadocApi\Release\DiadocMessage.GetApi.pb.obj
C:\Users\Yury\Documents\Visual Studio 2012\Projects\DiadocApi\DiadocApi\Release\DiadocMessage.PostApi.pb.obj
C:\Users\Yury\Documents\Visual Studio 2012\Projects\DiadocApi\DiadocApi\Release\dllmain.obj
C:\Users\Yury\Documents\Visual Studio 2012\Projects\DiadocApi\DiadocApi\Release\Document.pb.obj
C:\Users\Yury\Documents\Visual Studio 2012\Projects\DiadocApi\DiadocApi\Release\DocumentId.pb.obj
C:\Users\Yury\Documents\Visual Studio 2012\Projects\DiadocApi\DiadocApi\Release\DocumentList.pb.obj
C:\Users\Yury\Documents\Visual Studio 2012\Projects\DiadocApi\DiadocApi\Release\DocumentType.pb.obj
C:\Users\Yury\Documents\Visual Studio 2012\Projects\DiadocApi\DiadocApi\Release\ForwardDocumentEvent.pb.obj
C:\Users\Yury\Documents\Visual Studio 2012\Projects\DiadocApi\DiadocApi\Release\InvoiceDocument.pb.obj
C:\Users\Yury\Documents\Visual Studio 2012\Projects\DiadocApi\DiadocApi\Release\NonformalizedDocument.pb.obj
C:\Users\Yury\Documents\Visual Studio 2012\Projects\DiadocApi\DiadocApi\Release\Organization.pb.obj
C:\Users\Yury\Documents\Visual Studio 2012\Projects\DiadocApi\DiadocApi\Release\ReceiptStatus.pb.obj
C:\Users\Yury\Documents\Visual Studio 2012\Projects\DiadocApi\DiadocApi\Release\ResolutionInfo.pb.obj
C:\Users\Yury\Documents\Visual Studio 2012\Projects\DiadocApi\DiadocApi\Release\ResolutionRequestDenialInfo.pb.obj
C:\Users\Yury\Documents\Visual Studio 2012\Projects\DiadocApi\DiadocApi\Release\ResolutionRequestInfo.pb.obj
C:\Users\Yury\Documents\Visual Studio 2012\Projects\DiadocApi\DiadocApi\Release\ResolutionTarget.pb.obj
C:\Users\Yury\Documents\Visual Studio 2012\Projects\DiadocApi\DiadocApi\Release\stdafx.obj
C:\Users\Yury\Documents\Visual Studio 2012\Projects\DiadocApi\DiadocApi\Release\Timestamp.pb.obj
C:\Users\Yury\Documents\Visual Studio 2012\Projects\DiadocApi\DiadocApi\Release\UnilateralDocument.pb.obj
C:\Users\Yury\Documents\Visual Studio 2012\Projects\DiadocApi\DiadocApi\Release\cl.command.1.tlog
C:\Users\Yury\Documents\Visual Studio 2012\Projects\DiadocApi\DiadocApi\Release\CL.read.1.tlog
C:\Users\Yury\Documents\Visual Studio 2012\Projects\DiadocApi\DiadocApi\Release\CL.write.1.tlog
C:\Users\Yury\Documents\Visual Studio 2012\Projects\DiadocApi\DiadocApi\Release\DiadocApi.write.1.tlog
C:\Users\Yury\Documents\Visual Studio 2012\Projects\DiadocApi\DiadocApi\Release\link-cvtres.read.1.tlog
C:\Users\Yury\Documents\Visual Studio 2012\Projects\DiadocApi\DiadocApi\Release\link-cvtres.write.1.tlog
C:\Users\Yury\Documents\Visual Studio 2012\Projects\DiadocApi\DiadocApi\Release\link-rc.read.1.tlog
C:\Users\Yury\Documents\Visual Studio 2012\Projects\DiadocApi\DiadocApi\Release\link-rc.write.1.tlog
C:\Users\Yury\Documents\Visual Studio 2012\Projects\DiadocApi\DiadocApi\Release\link.command.1.tlog
C:\Users\Yury\Documents\Visual Studio 2012\Projects\DiadocApi\DiadocApi\Release\link.read.1.tlog
C:\Users\Yury\Documents\Visual Studio 2012\Projects\DiadocApi\DiadocApi\Release\link.read.3.tlog
C:\Users\Yury\Documents\Visual Studio 2012\Projects\DiadocApi\DiadocApi\Release\link.write.1.tlog
C:\Users\Yury\Documents\Visual Studio 2012\Projects\DiadocApi\DiadocApi\Release\DiadocApi.pch
C:\Users\Yury\Documents\Visual Studio 2012\Projects\DiadocApi\DiadocApi\Release\vc110.pdb
C:\Users\Yury\Documents\Visual Studio 2012\Projects\DiadocApi\Release\DiadocApi.pdb
C:\Users\Yury\Documents\Visual Studio 2012\Projects\DiadocApi\Release\DiadocApi.dll
